2023-12-06 20:07:02 INFO  TestUtils:27 - Env Name: stage
2023-12-06 20:07:02 INFO  TestUtils:27 - Env Name: stage
2023-12-06 20:07:02 INFO  TestUtils:27 - Env Name: stage
2023-12-06 20:07:06 INFO  URL:19 - URI End Point : https://jnswdazms1.execute-api.us-east-1.amazonaws.com/dev/toll-collection-list
2023-12-06 20:07:06 INFO  Base:181 - Inside GETRequest call
2023-12-06 20:07:10 INFO  TestUtils:38 - Getting Response Code
2023-12-06 20:07:10 INFO  TestUtils:40 - Status Code: 200
2023-12-06 20:07:10 INFO  TestUtils:25 - Status Code is returned as expected.
2023-12-06 20:07:10 INFO  TestUtils:64 - Getting Response Message
2023-12-06 20:07:10 INFO  TestUtils:66 - Response Message for message: success
2023-12-06 20:07:10 INFO  TestUtils:34 - Both texts are same
2023-12-06 20:07:10 INFO  TestUtils:27 - Env Name: stage
2023-12-06 20:07:10 INFO  TestUtils:27 - Env Name: stage
2023-12-06 20:07:10 INFO  TestUtils:27 - Env Name: stage
2023-12-06 20:07:11 INFO  URL:19 - URI End Point : https://jnswdazms1.execute-api.us-east-1.amazonaws.com/dev/toll-collection-list
2023-12-06 20:07:11 INFO  Base:181 - Inside GETRequest call
2023-12-06 20:07:12 INFO  TestUtils:64 - Getting Response Message
2023-12-06 20:07:12 INFO  TestUtils:66 - Response Message for message: success
2023-12-06 20:07:12 INFO  TestUtils:34 - Both texts are same
2023-12-06 20:07:12 INFO  Base:130 - Inside PayloadConverter function
2023-12-06 20:07:12 INFO  URL:19 - URI End Point : https://jnswdazms1.execute-api.us-east-1.amazonaws.com/dev/tollcollection
2023-12-06 20:07:12 INFO  TestUtils:27 - Env Name: stage
2023-12-06 20:07:12 INFO  TestUtils:27 - Env Name: stage
2023-12-06 20:07:12 INFO  TestUtils:27 - Env Name: stage
2023-12-06 20:07:13 INFO  Base:150 - Inside POSTRequest call
2023-12-06 20:07:16 INFO  TestUtils:38 - Getting Response Code
2023-12-06 20:07:16 INFO  TestUtils:40 - Status Code: 200
2023-12-06 20:07:16 INFO  TestUtils:25 - Status Code is returned as expected.
2023-12-06 20:07:16 INFO  TestUtils:64 - Getting Response Message
2023-12-06 20:07:16 INFO  TestUtils:66 - Response Message for message: success
2023-12-06 20:07:16 INFO  TestUtils:34 - Both texts are same
2023-12-06 20:07:16 INFO  TestUtils:27 - Env Name: stage
2023-12-06 20:07:16 INFO  TestUtils:27 - Env Name: stage
2023-12-06 20:07:16 INFO  TestUtils:27 - Env Name: stage
2023-12-06 20:07:16 INFO  URL:19 - URI End Point : https://jnswdazms1.execute-api.us-east-1.amazonaws.com/dev/cognito-user-list
2023-12-06 20:07:16 INFO  Base:172 - Inside GETRequest call
2023-12-06 20:07:18 INFO  TestUtils:38 - Getting Response Code
2023-12-06 20:07:18 INFO  TestUtils:40 - Status Code: 200
2023-12-06 20:07:18 INFO  TestUtils:25 - Status Code is returned as expected.
2023-12-06 20:07:18 INFO  TestUtils:64 - Getting Response Message
2023-12-06 20:07:18 INFO  TestUtils:66 - Response Message for message: User List!
2023-12-06 20:07:18 INFO  TestUtils:34 - Both texts are same
2023-12-06 20:07:18 INFO  URL:19 - URI End Point : https://jnswdazms1.execute-api.us-east-1.amazonaws.com/dev/cognito-user-
2023-12-06 20:07:18 INFO  TestUtils:27 - Env Name: stage
2023-12-06 20:07:18 INFO  TestUtils:27 - Env Name: stage
2023-12-06 20:07:18 INFO  TestUtils:27 - Env Name: stage
2023-12-06 20:07:19 INFO  Base:172 - Inside GETRequest call
2023-12-06 20:07:19 INFO  TestUtils:38 - Getting Response Code
2023-12-06 20:07:19 INFO  TestUtils:40 - Status Code: 403
2023-12-06 20:07:19 INFO  TestUtils:25 - Status Code is returned as expected.
2023-12-06 20:07:19 INFO  TestUtils:27 - Env Name: stage
2023-12-06 20:07:19 INFO  TestUtils:27 - Env Name: stage
2023-12-06 20:07:19 INFO  TestUtils:27 - Env Name: stage
2023-12-06 20:07:20 INFO  URL:19 - URI End Point : https://jnswdazms1.execute-api.us-east-1.amazonaws.com/dev/cognito-login
2023-12-06 20:07:20 INFO  TestUtils:27 - Env Name: stage
2023-12-06 20:07:20 INFO  Base:150 - Inside POSTRequest call
2023-12-06 20:07:22 INFO  TestUtils:64 - Getting Response Message
2023-12-06 20:07:22 INFO  TestUtils:66 - Response Message for statusCode: 400
2023-12-06 20:07:22 INFO  TestUtils:34 - Both texts are same
2023-12-06 20:07:22 INFO  TestUtils:64 - Getting Response Message
2023-12-06 20:07:22 INFO  TestUtils:66 - Response Message for message: Incorrect username or password.
2023-12-06 20:07:22 INFO  TestUtils:34 - Both texts are same
2023-12-06 20:07:22 INFO  TestUtils:27 - Env Name: stage
2023-12-06 20:07:22 INFO  TestUtils:27 - Env Name: stage
2023-12-06 20:07:22 INFO  TestUtils:27 - Env Name: stage
2023-12-06 20:07:23 INFO  URL:19 - URI End Point : https://jnswdazms1.execute-api.us-east-1.amazonaws.com/dev/cognito-login
2023-12-06 20:07:23 INFO  TestUtils:27 - Env Name: stage
2023-12-06 20:07:23 INFO  Base:150 - Inside POSTRequest call
2023-12-06 20:07:24 INFO  TestUtils:38 - Getting Response Code
2023-12-06 20:07:24 INFO  TestUtils:40 - Status Code: 200
2023-12-06 20:07:24 INFO  TestUtils:25 - Status Code is returned as expected.
2023-12-06 20:07:24 INFO  TestUtils:64 - Getting Response Message
2023-12-06 20:07:24 INFO  TestUtils:66 - Response Message for message: Incorrect username or password.
2023-12-06 20:07:24 INFO  TestUtils:34 - Both texts are same
2023-12-06 20:07:24 INFO  TestUtils:27 - Env Name: stage
2023-12-06 20:07:24 INFO  TestUtils:27 - Env Name: stage
2023-12-06 20:07:24 INFO  TestUtils:27 - Env Name: stage
2023-12-06 20:07:25 INFO  URL:19 - URI End Point : https://jnswdazms1.execute-api.us-east-1.amazonaws.com/dev/cognito-login
2023-12-06 20:07:25 INFO  Base:130 - Inside PayloadConverter function
2023-12-06 20:07:25 INFO  Base:150 - Inside POSTRequest call
2023-12-06 20:07:26 INFO  TestUtils:38 - Getting Response Code
2023-12-06 20:07:26 INFO  TestUtils:40 - Status Code: 200
2023-12-06 20:07:26 INFO  TestUtils:25 - Status Code is returned as expected.
2023-12-06 20:07:26 INFO  TestUtils:64 - Getting Response Message
2023-12-06 20:07:26 INFO  TestUtils:66 - Response Message for message: Log in successfully!
2023-12-06 20:07:26 INFO  TestUtils:34 - Both texts are same
2023-12-06 20:07:26 INFO  TestUtils:27 - Env Name: stage
2023-12-06 20:07:26 INFO  TestUtils:27 - Env Name: stage
2023-12-06 20:07:26 INFO  TestUtils:27 - Env Name: stage
2023-12-06 20:07:26 INFO  URL:19 - URI End Point : https://jnswdazms1.execute-api.us-east-1.amazonaws.com/dev/cognito-admin-set-user-password
2023-12-06 20:07:26 INFO  Base:150 - Inside POSTRequest call
2023-12-06 20:07:28 INFO  TestUtils:64 - Getting Response Message
2023-12-06 20:07:28 INFO  TestUtils:66 - Response Message for statusCode: 400
2023-12-06 20:07:28 INFO  TestUtils:34 - Both texts are same
2023-12-06 20:07:28 INFO  TestUtils:64 - Getting Response Message
2023-12-06 20:07:28 INFO  TestUtils:66 - Response Message for message: User does not exist.
2023-12-06 20:07:28 INFO  TestUtils:34 - Both texts are same
2023-12-06 20:07:28 INFO  TestUtils:27 - Env Name: stage
2023-12-06 20:07:28 INFO  TestUtils:27 - Env Name: stage
2023-12-06 20:07:28 INFO  TestUtils:27 - Env Name: stage
2023-12-06 20:07:29 INFO  URL:19 - URI End Point : https://jnswdazms1.execute-api.us-east-1.amazonaws.com/dev/cognito-admin-set-user-password
2023-12-06 20:07:29 INFO  Base:130 - Inside PayloadConverter function
2023-12-06 20:07:29 INFO  Base:150 - Inside POSTRequest call
2023-12-06 20:07:30 INFO  TestUtils:64 - Getting Response Message
2023-12-06 20:07:30 INFO  TestUtils:66 - Response Message for statusCode: 200
2023-12-06 20:07:30 INFO  TestUtils:34 - Both texts are same
2023-12-06 20:07:30 INFO  TestUtils:64 - Getting Response Message
2023-12-06 20:07:30 INFO  TestUtils:66 - Response Message for message: Password set successfully!
2023-12-06 20:07:30 INFO  TestUtils:34 - Both texts are same
2023-12-06 20:07:30 INFO  URL:19 - URI End Point : https://jnswdazms1.execute-api.us-east-1.amazonaws.com/dev/cognito-admin-set-user-password
2023-12-06 20:07:30 INFO  Base:130 - Inside PayloadConverter function
2023-12-06 20:07:30 INFO  Base:158 - Inside POSTRequest call
2023-12-06 20:07:30 INFO  TestUtils:38 - Getting Response Code
2023-12-06 20:07:30 INFO  TestUtils:40 - Status Code: 401
2023-12-06 20:07:30 INFO  TestUtils:25 - Status Code is returned as expected.
2023-12-06 20:07:30 INFO  TestUtils:64 - Getting Response Message
2023-12-06 20:07:30 INFO  TestUtils:66 - Response Message for message: Unauthorized
2023-12-06 20:07:30 INFO  TestUtils:34 - Both texts are same
2023-12-06 20:07:30 INFO  TestUtils:27 - Env Name: stage
2023-12-06 20:07:30 INFO  TestUtils:27 - Env Name: stage
2023-12-06 20:07:30 INFO  TestUtils:27 - Env Name: stage
2023-12-06 20:07:31 INFO  URL:19 - URI End Point : https://jnswdazms1.execute-api.us-east-1.amazonaws.com/dev/cognito-create-user
2023-12-06 20:07:31 INFO  TestUtils:27 - Env Name: stage
2023-12-06 20:07:31 INFO  Base:150 - Inside POSTRequest call
2023-12-06 20:07:33 INFO  TestUtils:38 - Getting Response Code
2023-12-06 20:07:33 INFO  TestUtils:40 - Status Code: 200
2023-12-06 20:07:33 INFO  TestUtils:25 - Status Code is returned as expected.
2023-12-06 20:07:33 INFO  TestUtils:64 - Getting Response Message
2023-12-06 20:07:33 INFO  TestUtils:66 - Response Message for message: User Created successfully!
2023-12-06 20:07:33 INFO  TestUtils:34 - Both texts are same
2023-12-06 20:07:33 INFO  TestUtils:27 - Env Name: stage
2023-12-06 20:07:33 INFO  TestUtils:27 - Env Name: stage
2023-12-06 20:07:33 INFO  TestUtils:27 - Env Name: stage
2023-12-06 20:07:34 INFO  URL:19 - URI End Point : https://jnswdazms1.execute-api.us-east-1.amazonaws.com/dev/cognito-create-user
2023-12-06 20:07:34 INFO  TestUtils:27 - Env Name: stage
2023-12-06 20:07:34 INFO  Base:150 - Inside POSTRequest call
2023-12-06 20:07:35 INFO  TestUtils:38 - Getting Response Code
2023-12-06 20:07:35 INFO  TestUtils:40 - Status Code: 200
2023-12-06 20:07:35 INFO  TestUtils:25 - Status Code is returned as expected.
2023-12-06 20:07:35 INFO  TestUtils:64 - Getting Response Message
2023-12-06 20:07:35 INFO  TestUtils:66 - Response Message for statusCode: 400
2023-12-06 20:07:35 INFO  TestUtils:34 - Both texts are same
2023-12-06 20:07:35 INFO  TestUtils:64 - Getting Response Message
2023-12-06 20:07:35 INFO  TestUtils:66 - Response Message for message: User account already exists
2023-12-06 20:07:35 INFO  TestUtils:34 - Both texts are same
